{"timestamp":"2025-05-02T21:42:47.808Z","level":"info","message":"✅ Conexión a base de datos exitosa"}
{"timestamp":"2025-05-02T21:42:48.051Z","level":"info","message":"✅ Modelos sincronizados"}
{"timestamp":"2025-05-02T21:42:48.053Z","level":"info","message":"🚀 Servidor backend corriendo en http://localhost:3001"}
{"timestamp":"2025-05-02T21:42:48.054Z","level":"info","message":"Modo: development"}
{"timestamp":"2025-05-02T21:44:53.106Z","timestamp_local":"2/5/2025, 06:44:53","level":"info","message":"✅ Conexión a base de datos exitosa"}
{"timestamp":"2025-05-02T21:44:53.530Z","timestamp_local":"2/5/2025, 06:44:53","level":"info","message":"✅ Modelos sincronizados"}
{"timestamp":"2025-05-02T21:44:53.533Z","timestamp_local":"2/5/2025, 06:44:53","level":"info","message":"🚀 Servidor backend corriendo en http://localhost:3001"}
{"timestamp":"2025-05-02T21:44:53.534Z","timestamp_local":"2/5/2025, 06:44:53","level":"info","message":"Modo: development"}
{"timestamp":"2025-05-02T21:45:27.206Z","timestamp_local":"2/5/2025, 06:45:27","level":"info","message":"✅ Conexión a base de datos exitosa"}
{"timestamp":"2025-05-02T21:45:27.300Z","timestamp_local":"2/5/2025, 06:45:27","level":"info","message":"✅ Modelos sincronizados"}
{"timestamp":"2025-05-02T21:45:27.303Z","timestamp_local":"2/5/2025, 06:45:27","level":"info","message":"🚀 Servidor backend corriendo en http://localhost:3001"}
{"timestamp":"2025-05-02T21:45:27.304Z","timestamp_local":"2/5/2025, 06:45:27","level":"info","message":"Modo: development"}
{"timestamp":"2025-05-02T21:45:49.324Z","timestamp_local":"2/5/2025, 06:45:49","level":"info","message":"✅ Conexión a base de datos exitosa"}
{"timestamp":"2025-05-02T21:45:49.413Z","timestamp_local":"2/5/2025, 06:45:49","level":"info","message":"✅ Modelos sincronizados"}
{"timestamp":"2025-05-02T21:45:49.416Z","timestamp_local":"2/5/2025, 06:45:49","level":"info","message":"🚀 Servidor backend corriendo en http://localhost:3001"}
{"timestamp":"2025-05-02T21:45:49.417Z","timestamp_local":"2/5/2025, 06:45:49","level":"info","message":"Modo: development"}
{"timestamp":"2025-05-02T21:46:07.137Z","timestamp_local":"2/5/2025, 06:46:07","level":"info","message":"✅ Conexión a base de datos exitosa"}
{"timestamp":"2025-05-02T21:46:07.402Z","timestamp_local":"2/5/2025, 06:46:07","level":"info","message":"✅ Modelos sincronizados"}
{"timestamp":"2025-05-02T21:46:07.404Z","timestamp_local":"2/5/2025, 06:46:07","level":"info","message":"🚀 Servidor backend corriendo en http://localhost:3001"}
{"timestamp":"2025-05-02T21:46:07.405Z","timestamp_local":"2/5/2025, 06:46:07","level":"info","message":"Modo: development"}
{"timestamp":"2025-05-02T21:46:18.725Z","timestamp_local":"2/5/2025, 06:46:18","level":"info","message":"✅ Conexión a base de datos exitosa"}
{"timestamp":"2025-05-02T21:46:18.819Z","timestamp_local":"2/5/2025, 06:46:18","level":"info","message":"✅ Modelos sincronizados"}
{"timestamp":"2025-05-02T21:46:18.822Z","timestamp_local":"2/5/2025, 06:46:18","level":"info","message":"🚀 Servidor backend corriendo en http://localhost:3001"}
{"timestamp":"2025-05-02T21:46:18.823Z","timestamp_local":"2/5/2025, 06:46:18","level":"info","message":"Modo: development"}
{"timestamp":"2025-05-02T21:46:35.677Z","timestamp_local":"2/5/2025, 06:46:35","level":"info","message":"✅ Conexión a base de datos exitosa"}
{"timestamp":"2025-05-02T21:46:35.769Z","timestamp_local":"2/5/2025, 06:46:35","level":"info","message":"✅ Modelos sincronizados"}
{"timestamp":"2025-05-02T21:46:35.772Z","timestamp_local":"2/5/2025, 06:46:35","level":"info","message":"🚀 Servidor backend corriendo en http://localhost:3001"}
{"timestamp":"2025-05-02T21:46:35.773Z","timestamp_local":"2/5/2025, 06:46:35","level":"info","message":"Modo: development"}
{"timestamp":"2025-05-02T21:47:19.105Z","timestamp_local":"2/5/2025, 06:47:19","level":"info","message":"✅ Conexión a base de datos exitosa"}
{"timestamp":"2025-05-02T21:47:19.381Z","timestamp_local":"2/5/2025, 06:47:19","level":"info","message":"✅ Modelos sincronizados"}
{"timestamp":"2025-05-02T21:47:19.384Z","timestamp_local":"2/5/2025, 06:47:19","level":"info","message":"🚀 Servidor backend corriendo en http://localhost:3001"}
{"timestamp":"2025-05-02T21:47:19.385Z","timestamp_local":"2/5/2025, 06:47:19","level":"info","message":"Modo: development"}
{"timestamp":"2025-05-02T21:48:40.544Z","timestamp_local":"2/5/2025, 06:48:40","level":"info","message":"✅ Conexión a base de datos exitosa"}
{"timestamp":"2025-05-02T21:48:40.843Z","timestamp_local":"2/5/2025, 06:48:40","level":"info","message":"✅ Modelos sincronizados"}
{"timestamp":"2025-05-02T21:48:40.845Z","timestamp_local":"2/5/2025, 06:48:40","level":"info","message":"🚀 Servidor backend corriendo en http://localhost:3001"}
{"timestamp":"2025-05-02T21:48:40.846Z","timestamp_local":"2/5/2025, 06:48:40","level":"info","message":"Modo: development"}
{"timestamp":"2025-05-02T21:48:43.144Z","timestamp_local":"2/5/2025, 06:48:43","level":"info","message":"✅ Conexión a base de datos exitosa"}
{"timestamp":"2025-05-02T21:48:43.242Z","timestamp_local":"2/5/2025, 06:48:43","level":"info","message":"✅ Modelos sincronizados"}
{"timestamp":"2025-05-02T21:48:43.244Z","timestamp_local":"2/5/2025, 06:48:43","level":"info","message":"🚀 Servidor backend corriendo en http://localhost:3001"}
{"timestamp":"2025-05-02T21:48:43.245Z","timestamp_local":"2/5/2025, 06:48:43","level":"info","message":"Modo: development"}
{"timestamp":"2025-05-02T21:48:54.241Z","timestamp_local":"2/5/2025, 06:48:54","level":"info","message":"✅ Conexión a base de datos exitosa"}
{"timestamp":"2025-05-02T21:48:54.337Z","timestamp_local":"2/5/2025, 06:48:54","level":"info","message":"✅ Modelos sincronizados"}
{"timestamp":"2025-05-02T21:48:54.340Z","timestamp_local":"2/5/2025, 06:48:54","level":"info","message":"🚀 Servidor backend corriendo en http://localhost:3001"}
{"timestamp":"2025-05-02T21:48:54.341Z","timestamp_local":"2/5/2025, 06:48:54","level":"info","message":"Modo: development"}
{"timestamp":"2025-05-02T21:48:56.740Z","timestamp_local":"2/5/2025, 06:48:56","level":"info","message":"✅ Conexión a base de datos exitosa"}
{"timestamp":"2025-05-02T21:48:56.833Z","timestamp_local":"2/5/2025, 06:48:56","level":"info","message":"✅ Modelos sincronizados"}
{"timestamp":"2025-05-02T21:48:56.836Z","timestamp_local":"2/5/2025, 06:48:56","level":"info","message":"🚀 Servidor backend corriendo en http://localhost:3001"}
{"timestamp":"2025-05-02T21:48:56.837Z","timestamp_local":"2/5/2025, 06:48:56","level":"info","message":"Modo: development"}
{"timestamp":"2025-05-02T21:49:14.722Z","timestamp_local":"2/5/2025, 06:49:14","level":"info","message":"✅ Conexión a base de datos exitosa"}
{"timestamp":"2025-05-02T21:49:15.020Z","timestamp_local":"2/5/2025, 06:49:15","level":"info","message":"✅ Modelos sincronizados"}
{"timestamp":"2025-05-02T21:49:15.023Z","timestamp_local":"2/5/2025, 06:49:15","level":"info","message":"🚀 Servidor backend corriendo en http://localhost:3001"}
{"timestamp":"2025-05-02T21:49:15.024Z","timestamp_local":"2/5/2025, 06:49:15","level":"info","message":"Modo: development"}
{"timestamp":"2025-05-02T21:50:00.383Z","timestamp_local":"2/5/2025, 06:50:00","level":"info","message":"✅ Conexión a base de datos exitosa"}
{"timestamp":"2025-05-02T21:50:00.500Z","timestamp_local":"2/5/2025, 06:50:00","level":"info","message":"✅ Modelos sincronizados"}
{"timestamp":"2025-05-02T21:50:00.503Z","timestamp_local":"2/5/2025, 06:50:00","level":"info","message":"🚀 Servidor backend corriendo en http://localhost:3001"}
{"timestamp":"2025-05-02T21:50:00.504Z","timestamp_local":"2/5/2025, 06:50:00","level":"info","message":"Modo: development"}
{"timestamp":"2025-05-02T21:50:02.921Z","timestamp_local":"2/5/2025, 06:50:02","level":"info","message":"✅ Conexión a base de datos exitosa"}
{"timestamp":"2025-05-02T21:50:03.016Z","timestamp_local":"2/5/2025, 06:50:03","level":"info","message":"✅ Modelos sincronizados"}
{"timestamp":"2025-05-02T21:50:03.019Z","timestamp_local":"2/5/2025, 06:50:03","level":"info","message":"🚀 Servidor backend corriendo en http://localhost:3001"}
{"timestamp":"2025-05-02T21:50:03.019Z","timestamp_local":"2/5/2025, 06:50:03","level":"info","message":"Modo: development"}
{"timestamp":"2025-05-02T21:50:21.158Z","timestamp_local":"2/5/2025, 06:50:21","level":"info","message":"✅ Conexión a base de datos exitosa"}
{"timestamp":"2025-05-02T21:50:21.430Z","timestamp_local":"2/5/2025, 06:50:21","level":"info","message":"✅ Modelos sincronizados"}
{"timestamp":"2025-05-02T21:50:21.433Z","timestamp_local":"2/5/2025, 06:50:21","level":"info","message":"🚀 Servidor backend corriendo en http://localhost:3001"}
{"timestamp":"2025-05-02T21:50:21.433Z","timestamp_local":"2/5/2025, 06:50:21","level":"info","message":"Modo: development"}
{"timestamp":"2025-05-02T21:50:23.308Z","timestamp_local":"2/5/2025, 06:50:23","level":"info","message":"✅ Conexión a base de datos exitosa"}
{"timestamp":"2025-05-02T21:50:23.407Z","timestamp_local":"2/5/2025, 06:50:23","level":"info","message":"✅ Modelos sincronizados"}
{"timestamp":"2025-05-02T21:50:23.409Z","timestamp_local":"2/5/2025, 06:50:23","level":"info","message":"🚀 Servidor backend corriendo en http://localhost:3001"}
{"timestamp":"2025-05-02T21:50:23.410Z","timestamp_local":"2/5/2025, 06:50:23","level":"info","message":"Modo: development"}
{"timestamp":"2025-05-02T21:51:11.550Z","timestamp_local":"2/5/2025, 06:51:11","level":"info","message":"✅ Conexión a base de datos exitosa"}
{"timestamp":"2025-05-02T21:51:11.645Z","timestamp_local":"2/5/2025, 06:51:11","level":"info","message":"✅ Modelos sincronizados"}
{"timestamp":"2025-05-02T21:51:11.648Z","timestamp_local":"2/5/2025, 06:51:11","level":"info","message":"🚀 Servidor backend corriendo en http://localhost:3001"}
{"timestamp":"2025-05-02T21:51:11.648Z","timestamp_local":"2/5/2025, 06:51:11","level":"info","message":"Modo: development"}
{"timestamp":"2025-05-02T21:51:39.559Z","timestamp_local":"2/5/2025, 06:51:39","level":"info","message":"✅ Conexión a base de datos exitosa"}
{"timestamp":"2025-05-02T21:51:39.886Z","timestamp_local":"2/5/2025, 06:51:39","level":"info","message":"✅ Modelos sincronizados"}
{"timestamp":"2025-05-02T21:51:39.889Z","timestamp_local":"2/5/2025, 06:51:39","level":"info","message":"🚀 Servidor backend corriendo en http://localhost:3001"}
{"timestamp":"2025-05-02T21:51:39.890Z","timestamp_local":"2/5/2025, 06:51:39","level":"info","message":"Modo: development"}
{"timestamp":"2025-05-02T21:52:34.717Z","timestamp_local":"2/5/2025, 06:52:34","level":"info","message":"✅ Conexión a base de datos exitosa"}
{"timestamp":"2025-05-02T21:52:34.982Z","timestamp_local":"2/5/2025, 06:52:34","level":"info","message":"✅ Modelos sincronizados"}
{"timestamp":"2025-05-02T21:52:34.985Z","timestamp_local":"2/5/2025, 06:52:34","level":"info","message":"🚀 Servidor backend corriendo en http://localhost:3001"}
{"timestamp":"2025-05-02T21:52:34.986Z","timestamp_local":"2/5/2025, 06:52:34","level":"info","message":"Modo: development"}
{"timestamp":"2025-05-02T21:53:21.423Z","timestamp_local":"2/5/2025, 06:53:21","level":"info","message":"✅ Conexión a base de datos exitosa"}
{"timestamp":"2025-05-02T21:53:21.513Z","timestamp_local":"2/5/2025, 06:53:21","level":"info","message":"✅ Modelos sincronizados"}
{"timestamp":"2025-05-02T21:53:21.515Z","timestamp_local":"2/5/2025, 06:53:21","level":"info","message":"🚀 Servidor backend corriendo en http://localhost:3001"}
{"timestamp":"2025-05-02T21:53:21.516Z","timestamp_local":"2/5/2025, 06:53:21","level":"info","message":"Modo: development"}
{"timestamp":"2025-05-02T22:04:05.295Z","timestamp_local":"2/5/2025, 07:04:05","level":"info","message":"✅ Conexión a base de datos exitosa"}
{"timestamp":"2025-05-02T22:04:05.560Z","timestamp_local":"2/5/2025, 07:04:05","level":"info","message":"✅ Modelos sincronizados"}
{"timestamp":"2025-05-02T22:04:05.563Z","timestamp_local":"2/5/2025, 07:04:05","level":"info","message":"🚀 Servidor backend corriendo en http://localhost:3001"}
{"timestamp":"2025-05-02T22:04:05.564Z","timestamp_local":"2/5/2025, 07:04:05","level":"info","message":"Modo: development"}
{"timestamp":"2025-05-02T22:05:21.173Z","timestamp_local":"2/5/2025, 07:05:21","level":"info","message":"✅ Conexión a base de datos exitosa"}
{"timestamp":"2025-05-02T22:05:21.482Z","timestamp_local":"2/5/2025, 07:05:21","level":"info","message":"✅ Modelos sincronizados"}
{"timestamp":"2025-05-02T22:05:21.485Z","timestamp_local":"2/5/2025, 07:05:21","level":"info","message":"🚀 Servidor backend corriendo en http://localhost:3001"}
{"timestamp":"2025-05-02T22:05:21.486Z","timestamp_local":"2/5/2025, 07:05:21","level":"info","message":"Modo: development"}
{"timestamp":"2025-05-02T22:10:24.839Z","timestamp_local":"2/5/2025, 07:10:24","level":"info","message":"✅ Conexión a base de datos exitosa"}
{"timestamp":"2025-05-02T22:10:25.096Z","timestamp_local":"2/5/2025, 07:10:25","level":"info","message":"✅ Modelos sincronizados"}
{"timestamp":"2025-05-02T22:10:25.098Z","timestamp_local":"2/5/2025, 07:10:25","level":"info","message":"🚀 Servidor backend corriendo en http://localhost:3001"}
{"timestamp":"2025-05-02T22:10:25.099Z","timestamp_local":"2/5/2025, 07:10:25","level":"info","message":"Modo: development"}
